<?xml version="1.0" encoding="UTF-8"?>
<!-- Generated by org.testng.reporters.JUnitXMLReporter -->
<testsuite ignored="0" hostname="Tecwins-Laptop.local" failures="0" tests="2" name="Default test" time="185.791" errors="0" timestamp="29 Sep 2024 22:27:14 GMT">
  <testcase classname="com.automation.SeleniumFramework.Test.StandaloneTest" name="submitOrder" time="76.489"/>
  <testcase classname="com.automation.SeleniumFramework.Test.StandaloneTest" name="orderHistory" time="1.037"/>
</testsuite> <!-- Default test -->
