<?xml version="1.0" encoding="UTF-8"?>
<!-- Generated by org.testng.reporters.JUnitXMLReporter -->
<testsuite ignored="2" hostname="Tecwins-Laptop.local" failures="0" tests="0" time="0.002" errors="0" timestamp="18 Sep 2024 20:14:39 GMT">
  <testcase classname="com.automation.SeleniumFramework.Test.NegativeScenarios" name="loginFail" time="0.0">
    <ignored/>
  </testcase> <!-- loginFail -->
  <testcase classname="com.automation.SeleniumFramework.Test.NegativeScenarios" name="validateProductNameIncart" time="0.0">
    <ignored/>
  </testcase> <!-- validateProductNameIncart -->
</testsuite>
