<?xml version="1.0" encoding="UTF-8"?>
<!-- Generated by org.testng.reporters.JUnitXMLReporter -->
<testsuite ignored="0" hostname="Tecwins-Laptop.local" failures="1" tests="3" name="NegativeScenario" time="40.002" errors="0" timestamp="19 Sep 2024 18:23:26 GMT">
  <testcase classname="com.automation.SeleniumFramework.Test.NegativeScenarios" name="loginFail" time="0.96">
    <skipped/>
  </testcase> <!-- loginFail -->
  <testcase classname="com.automation.SeleniumFramework.Test.NegativeScenarios" name="loginFail" time="0.4">
    <failure type="java.lang.AssertionError" message="expected [Incorrect email or password.] but found [Incorrect email or passwor.]">
      <![CDATA[java.lang.AssertionError: expected [Incorrect email or password.] but found [Incorrect email or passwor.]
	at com.automation.SeleniumFramework.Test.NegativeScenarios.loginFail(NegativeScenarios.java:40)
... Removed 31 stack frames]]>
    </failure>
  </testcase> <!-- loginFail -->
  <testcase classname="com.automation.SeleniumFramework.Test.NegativeScenarios" name="validateProductNameIncart" time="16.507"/>
</testsuite> <!-- NegativeScenario -->
