<?xml version="1.0" encoding="UTF-8"?>
<!-- Generated by org.testng.reporters.JUnitXMLReporter -->
<testsuite ignored="1" hostname="Tecwins-Laptop.local" failures="0" tests="1" name="PositiveScenario" time="21.691" errors="0" timestamp="18 Sep 2024 22:18:34 GMT">
  <testcase classname="com.automation.SeleniumFramework.Test.StandaloneTest" name="submitOrder" time="17.468"/>
  <testcase classname="com.automation.SeleniumFramework.Test.StandaloneTest" name="orderHistory" time="0.0">
    <ignored/>
  </testcase> <!-- orderHistory -->
</testsuite> <!-- PositiveScenario -->
