<?xml version="1.0" encoding="UTF-8"?>
<!-- Generated by org.testng.reporters.JUnitXMLReporter -->
<testsuite ignored="0" hostname="Tecwins-Laptop.local" failures="1" tests="3" name="NegativeScenario" time="32.215" errors="0" timestamp="30 Dec 2024 00:24:21 GMT">
  <testcase classname="com.automation.SeleniumFramework.Test.NegativeScenarios" name="loginFail" time="0.475">
    <skipped/>
  </testcase> <!-- loginFail -->
  <testcase classname="com.automation.SeleniumFramework.Test.NegativeScenarios" name="loginFail" time="1.065">
    <failure type="java.lang.AssertionError" message="expected [Incorrect email or password.] but found [Incorrect email or passwor.]">
      <![CDATA[java.lang.AssertionError: expected [Incorrect email or password.] but found [Incorrect email or passwor.]
	at com.automation.SeleniumFramework.Test.NegativeScenarios.loginFail(NegativeScenarios.java:40)
... Removed 33 stack frames]]>
    </failure>
  </testcase> <!-- loginFail -->
  <testcase classname="com.automation.SeleniumFramework.Test.NegativeScenarios" name="validateProductNameIncart" time="16.217"/>
</testsuite> <!-- NegativeScenario -->
