<?xml version="1.0" encoding="UTF-8"?>
<!-- Generated by org.testng.reporters.JUnitXMLReporter -->
<testsuite ignored="0" hostname="Tecwins-Laptop.local" failures="0" tests="2" name="PositiveScenario" time="42.759" errors="0" timestamp="30 Dec 2024 00:23:48 GMT">
  <testcase classname="com.automation.SeleniumFramework.Test.StandaloneTest" name="submitOrder" time="18.252"/>
  <testcase classname="com.automation.SeleniumFramework.Test.StandaloneTest" name="orderHistory" time="0.794"/>
</testsuite> <!-- PositiveScenario -->
