<?xml version="1.0" encoding="UTF-8"?>
<testng-results ignored="3" total="4" passed="1" failed="0" skipped="0">
  <reporter-output>
  </reporter-output>
  <suite started-at="2024-09-18T20:14:39Z" name="Suite" finished-at="2024-09-18T20:14:47Z" duration-ms="8494">
    <groups>
      <group name="purchase">
        <method signature="StandaloneTest.submitOrder(java.util.HashMap)[pri:0, instance:com.automation.SeleniumFramework.Test.StandaloneTest@46cdf8bd]" name="submitOrder" class="com.automation.SeleniumFramework.Test.StandaloneTest"/>
      </group> <!-- purchase -->
    </groups>
    <test started-at="2024-09-18T20:14:39Z" name="NegativeScenario" finished-at="2024-09-18T20:14:39Z" duration-ms="2">
    </test> <!-- NegativeScenario -->
    <test started-at="2024-09-18T20:14:39Z" name="PositiveScenario" finished-at="2024-09-18T20:14:47Z" duration-ms="8494">
      <class name="com.automation.SeleniumFramework.Test.StandaloneTest">
        <test-method is-config="true" signature="launchApplication()[pri:0, instance:com.automation.SeleniumFramework.Test.StandaloneTest@46cdf8bd]" started-at="2024-09-18T21:14:39Z" name="launchApplication" finished-at="2024-09-18T21:14:43Z" duration-ms="4336" status="PASS">
          <reporter-output>
          </reporter-output>
        </test-method> <!-- launchApplication -->
        <test-method signature="submitOrder(java.util.HashMap)[pri:0, instance:com.automation.SeleniumFramework.Test.StandaloneTest@46cdf8bd]" started-at="2024-09-18T21:14:43Z" name="submitOrder" data-provider="getData" finished-at="2024-09-18T21:14:47Z" duration-ms="4037" status="PASS">
          <params>
            <param index="0">
              <value>
                <![CDATA[{password=Rizor123, email=rizor365@gmail.com, productName=ADIDAS ORIGINAL}]]>
              </value>
            </param>
          </params>
          <reporter-output>
          </reporter-output>
        </test-method> <!-- submitOrder -->
        <test-method is-config="true" signature="tearDown()[pri:0, instance:com.automation.SeleniumFramework.Test.StandaloneTest@46cdf8bd]" started-at="2024-09-18T21:14:47Z" name="tearDown" finished-at="2024-09-18T21:14:47Z" duration-ms="114" status="PASS">
          <reporter-output>
          </reporter-output>
        </test-method> <!-- tearDown -->
      </class> <!-- com.automation.SeleniumFramework.Test.StandaloneTest -->
    </test> <!-- PositiveScenario -->
  </suite> <!-- Suite -->
</testng-results>
